{"/Users/Nikah/Documents/api/dms/server.js":{"path":"/Users/Nikah/Documents/api/dms/server.js","s":{"1":1,"2":1,"3":1,"4":1,"5":1,"6":1,"7":1,"8":1,"9":1,"10":1,"11":1,"12":1,"13":1},"b":{},"f":{},"fnMap":{},"statementMap":{"1":{"start":{"line":2,"column":0},"end":{"line":2,"column":35}},"2":{"start":{"line":3,"column":0},"end":{"line":3,"column":42}},"3":{"start":{"line":5,"column":0},"end":{"line":5,"column":61}},"4":{"start":{"line":7,"column":0},"end":{"line":7,"column":30}},"5":{"start":{"line":9,"column":0},"end":{"line":9,"column":22}},"6":{"start":{"line":12,"column":0},"end":{"line":12,"column":51}},"7":{"start":{"line":13,"column":0},"end":{"line":13,"column":27}},"8":{"start":{"line":16,"column":0},"end":{"line":16,"column":29}},"9":{"start":{"line":19,"column":0},"end":{"line":19,"column":52}},"10":{"start":{"line":22,"column":0},"end":{"line":22,"column":24}},"11":{"start":{"line":25,"column":0},"end":{"line":27,"column":3}},"12":{"start":{"line":26,"column":2},"end":{"line":26,"column":25}},"13":{"start":{"line":29,"column":0},"end":{"line":29,"column":21}}},"branchMap":{}},"/Users/Nikah/Documents/api/dms/server/middleware/middleware.js":{"path":"/Users/Nikah/Documents/api/dms/server/middleware/middleware.js","s":{"1":1,"2":1,"3":1,"4":31,"5":31,"6":31,"7":36,"8":6,"9":30,"10":30,"11":31,"12":23,"13":23,"14":23,"15":23,"16":0,"17":23,"18":23,"19":0},"b":{"1":[6,30],"2":[23,0],"3":[0,23]},"f":{},"fnMap":{},"statementMap":{"1":{"start":{"line":1,"column":0},"end":{"line":1,"column":36}},"2":{"start":{"line":2,"column":0},"end":{"line":2,"column":64}},"3":{"start":{"line":4,"column":0},"end":{"line":53,"column":2}},"4":{"start":{"line":7,"column":4},"end":{"line":7,"column":27}},"5":{"start":{"line":8,"column":4},"end":{"line":8,"column":21}},"6":{"start":{"line":9,"column":4},"end":{"line":13,"column":6}},"7":{"start":{"line":10,"column":6},"end":{"line":10,"column":23}},"8":{"start":{"line":10,"column":16},"end":{"line":10,"column":23}},"9":{"start":{"line":11,"column":6},"end":{"line":11,"column":28}},"10":{"start":{"line":12,"column":6},"end":{"line":12,"column":18}},"11":{"start":{"line":14,"column":4},"end":{"line":14,"column":11}},"12":{"start":{"line":19,"column":4},"end":{"line":19,"column":58}},"13":{"start":{"line":21,"column":4},"end":{"line":39,"column":5}},"14":{"start":{"line":23,"column":6},"end":{"line":34,"column":9}},"15":{"start":{"line":24,"column":8},"end":{"line":33,"column":9}},"16":{"start":{"line":25,"column":10},"end":{"line":28,"column":13}},"17":{"start":{"line":31,"column":10},"end":{"line":31,"column":32}},"18":{"start":{"line":32,"column":10},"end":{"line":32,"column":17}},"19":{"start":{"line":36,"column":6},"end":{"line":38,"column":9}}},"branchMap":{"1":{"line":10,"type":"if","locations":[{"start":{"line":10,"column":6},"end":{"line":10,"column":6}},{"start":{"line":10,"column":6},"end":{"line":10,"column":6}}]},"2":{"line":21,"type":"if","locations":[{"start":{"line":21,"column":4},"end":{"line":21,"column":4}},{"start":{"line":21,"column":4},"end":{"line":21,"column":4}}]},"3":{"line":24,"type":"if","locations":[{"start":{"line":24,"column":8},"end":{"line":24,"column":8}},{"start":{"line":24,"column":8},"end":{"line":24,"column":8}}]}}},"/Users/Nikah/Documents/api/dms/server/config/config.js":{"path":"/Users/Nikah/Documents/api/dms/server/config/config.js","s":{"1":1},"b":{},"f":{},"fnMap":{},"statementMap":{"1":{"start":{"line":1,"column":0},"end":{"line":7,"column":2}}},"branchMap":{}},"/Users/Nikah/Documents/api/dms/server/config/db.js":{"path":"/Users/Nikah/Documents/api/dms/server/config/db.js","s":{"1":1,"2":1,"3":1,"4":1,"5":0,"6":0,"7":0,"8":1,"9":1,"10":1,"11":1,"12":1,"13":0,"14":1,"15":0,"16":1,"17":0,"18":0,"19":1,"20":0,"21":0,"22":1,"23":1,"24":1},"b":{},"f":{},"fnMap":{},"statementMap":{"1":{"start":{"line":2,"column":0},"end":{"line":2,"column":37}},"2":{"start":{"line":3,"column":0},"end":{"line":3,"column":33}},"3":{"start":{"line":4,"column":0},"end":{"line":4,"column":37}},"4":{"start":{"line":7,"column":0},"end":{"line":12,"column":2}},"5":{"start":{"line":8,"column":2},"end":{"line":11,"column":5}},"6":{"start":{"line":9,"column":4},"end":{"line":9,"column":55}},"7":{"start":{"line":10,"column":4},"end":{"line":10,"column":15}},"8":{"start":{"line":14,"column":0},"end":{"line":14,"column":48}},"9":{"start":{"line":15,"column":0},"end":{"line":15,"column":34}},"10":{"start":{"line":18,"column":0},"end":{"line":20,"column":3}},"11":{"start":{"line":19,"column":2},"end":{"line":19,"column":71}},"12":{"start":{"line":22,"column":0},"end":{"line":24,"column":3}},"13":{"start":{"line":23,"column":2},"end":{"line":23,"column":49}},"14":{"start":{"line":26,"column":0},"end":{"line":28,"column":3}},"15":{"start":{"line":27,"column":2},"end":{"line":27,"column":39}},"16":{"start":{"line":32,"column":0},"end":{"line":37,"column":3}},"17":{"start":{"line":34,"column":2},"end":{"line":36,"column":5}},"18":{"start":{"line":35,"column":4},"end":{"line":35,"column":41}},"19":{"start":{"line":39,"column":0},"end":{"line":44,"column":3}},"20":{"start":{"line":41,"column":2},"end":{"line":43,"column":5}},"21":{"start":{"line":42,"column":4},"end":{"line":42,"column":20}},"22":{"start":{"line":47,"column":0},"end":{"line":47,"column":28}},"23":{"start":{"line":48,"column":0},"end":{"line":48,"column":32}},"24":{"start":{"line":49,"column":0},"end":{"line":49,"column":28}}},"branchMap":{}},"/Users/Nikah/Documents/api/dms/server/models/user.js":{"path":"/Users/Nikah/Documents/api/dms/server/models/user.js","s":{"1":1,"2":1,"3":1,"4":1,"5":1,"6":4,"7":4,"8":0,"9":4,"10":4,"11":0,"12":4,"13":4,"14":1,"15":2,"16":2,"17":1},"b":{"1":[0,4],"2":[0,4]},"f":{"1":4,"2":2},"fnMap":{"1":{"name":"(anonymous_1)","line":40,"loc":{"start":{"line":40,"column":23},"end":{"line":40,"column":39}}},"2":{"name":"(anonymous_2)","line":56,"loc":{"start":{"line":56,"column":37},"end":{"line":56,"column":57}}}},"statementMap":{"1":{"start":{"line":1,"column":0},"end":{"line":1,"column":37}},"2":{"start":{"line":2,"column":0},"end":{"line":2,"column":40}},"3":{"start":{"line":4,"column":0},"end":{"line":4,"column":31}},"4":{"start":{"line":6,"column":0},"end":{"line":37,"column":3}},"5":{"start":{"line":40,"column":0},"end":{"line":53,"column":3}},"6":{"start":{"line":41,"column":2},"end":{"line":41,"column":20}},"7":{"start":{"line":44,"column":2},"end":{"line":44,"column":50},"skip":true},"8":{"start":{"line":44,"column":36},"end":{"line":44,"column":50},"skip":true},"9":{"start":{"line":46,"column":2},"end":{"line":52,"column":5}},"10":{"start":{"line":48,"column":4},"end":{"line":48,"column":30},"skip":true},"11":{"start":{"line":48,"column":13},"end":{"line":48,"column":30},"skip":true},"12":{"start":{"line":50,"column":4},"end":{"line":50,"column":25}},"13":{"start":{"line":51,"column":4},"end":{"line":51,"column":11}},"14":{"start":{"line":56,"column":0},"end":{"line":59,"column":2}},"15":{"start":{"line":57,"column":2},"end":{"line":57,"column":20}},"16":{"start":{"line":58,"column":2},"end":{"line":58,"column":53}},"17":{"start":{"line":61,"column":0},"end":{"line":61,"column":36}}},"branchMap":{"1":{"line":44,"type":"if","locations":[{"start":{"line":44,"column":2},"end":{"line":44,"column":2},"skip":true},{"start":{"line":44,"column":2},"end":{"line":44,"column":2},"skip":true}]},"2":{"line":48,"type":"if","locations":[{"start":{"line":48,"column":4},"end":{"line":48,"column":4},"skip":true},{"start":{"line":48,"column":4},"end":{"line":48,"column":4},"skip":true}]}}},"/Users/Nikah/Documents/api/dms/server/models/document.js":{"path":"/Users/Nikah/Documents/api/dms/server/models/document.js","s":{"1":1,"2":1,"3":1,"4":1},"b":{},"f":{},"fnMap":{},"statementMap":{"1":{"start":{"line":1,"column":0},"end":{"line":1,"column":37}},"2":{"start":{"line":3,"column":0},"end":{"line":3,"column":31}},"3":{"start":{"line":5,"column":0},"end":{"line":28,"column":2}},"4":{"start":{"line":30,"column":0},"end":{"line":30,"column":60}}},"branchMap":{}},"/Users/Nikah/Documents/api/dms/server/models/role.js":{"path":"/Users/Nikah/Documents/api/dms/server/models/role.js","s":{"1":1,"2":1,"3":1,"4":1},"b":{},"f":{},"fnMap":{},"statementMap":{"1":{"start":{"line":1,"column":0},"end":{"line":1,"column":37}},"2":{"start":{"line":3,"column":0},"end":{"line":3,"column":31}},"3":{"start":{"line":5,"column":0},"end":{"line":12,"column":3}},"4":{"start":{"line":14,"column":0},"end":{"line":14,"column":52}}},"branchMap":{}},"/Users/Nikah/Documents/api/dms/server/routes/routes.js":{"path":"/Users/Nikah/Documents/api/dms/server/routes/routes.js","s":{"1":1,"2":1,"3":1,"4":1,"5":1,"6":1,"7":1,"8":1,"9":1,"10":1},"b":{},"f":{},"fnMap":{},"statementMap":{"1":{"start":{"line":2,"column":0},"end":{"line":2,"column":43}},"2":{"start":{"line":5,"column":0},"end":{"line":5,"column":38}},"3":{"start":{"line":6,"column":0},"end":{"line":6,"column":41}},"4":{"start":{"line":7,"column":0},"end":{"line":7,"column":38}},"5":{"start":{"line":8,"column":0},"end":{"line":8,"column":35}},"6":{"start":{"line":13,"column":0},"end":{"line":13,"column":28}},"7":{"start":{"line":14,"column":0},"end":{"line":14,"column":36}},"8":{"start":{"line":15,"column":0},"end":{"line":15,"column":28}},"9":{"start":{"line":16,"column":0},"end":{"line":16,"column":30}},"10":{"start":{"line":18,"column":0},"end":{"line":18,"column":24}}},"branchMap":{}},"/Users/Nikah/Documents/api/dms/server/routes/userRoutes.js":{"path":"/Users/Nikah/Documents/api/dms/server/routes/userRoutes.js","s":{"1":1,"2":1,"3":1,"4":1,"5":1,"6":1,"7":1,"8":1,"9":1},"b":{},"f":{},"fnMap":{},"statementMap":{"1":{"start":{"line":2,"column":0},"end":{"line":2,"column":43}},"2":{"start":{"line":5,"column":0},"end":{"line":5,"column":55}},"3":{"start":{"line":8,"column":0},"end":{"line":8,"column":50}},"4":{"start":{"line":12,"column":0},"end":{"line":13,"column":22}},"5":{"start":{"line":15,"column":0},"end":{"line":16,"column":21}},"6":{"start":{"line":19,"column":0},"end":{"line":19,"column":36}},"7":{"start":{"line":21,"column":0},"end":{"line":22,"column":21}},"8":{"start":{"line":24,"column":0},"end":{"line":27,"column":24}},"9":{"start":{"line":29,"column":0},"end":{"line":29,"column":24}}},"branchMap":{}},"/Users/Nikah/Documents/api/dms/server/controllers/usersCtrl.js":{"path":"/Users/Nikah/Documents/api/dms/server/controllers/usersCtrl.js","s":{"1":1,"2":1,"3":1,"4":1,"5":1,"6":4,"7":4,"8":4,"9":4,"10":4,"11":4,"12":4,"13":4,"14":4,"15":1,"16":1,"17":1,"18":4,"19":4,"20":4,"21":3,"22":3,"23":0,"24":3,"25":1,"26":2,"27":2,"28":2,"29":1,"30":2,"31":2,"32":2,"33":2,"34":2,"35":0,"36":2,"37":0,"38":2,"39":2,"40":2,"41":0,"42":2,"43":0,"44":2,"45":2,"46":2,"47":0,"48":2,"49":2,"50":2,"51":0,"52":2,"53":0,"54":2,"55":0,"56":2,"57":0,"58":2,"59":0,"60":2,"61":0,"62":2,"63":0,"64":1,"65":1,"66":0,"67":1},"b":{"1":[1,3],"2":[1,0],"3":[0,3],"4":[1,2],"5":[2,0],"6":[1,1],"7":[0,2],"8":[0,2],"9":[0,2],"10":[0,2],"11":[0,2],"12":[2,0],"13":[0,2],"14":[0,2],"15":[0,2],"16":[0,2],"17":[0,2],"18":[0,2],"19":[0,1]},"f":{},"fnMap":{},"statementMap":{"1":{"start":{"line":1,"column":0},"end":{"line":1,"column":37}},"2":{"start":{"line":2,"column":0},"end":{"line":2,"column":36}},"3":{"start":{"line":3,"column":0},"end":{"line":3,"column":64}},"4":{"start":{"line":5,"column":0},"end":{"line":5,"column":37}},"5":{"start":{"line":7,"column":0},"end":{"line":143,"column":2}},"6":{"start":{"line":9,"column":4},"end":{"line":9,"column":28}},"7":{"start":{"line":12,"column":4},"end":{"line":12,"column":38}},"8":{"start":{"line":13,"column":4},"end":{"line":13,"column":37}},"9":{"start":{"line":14,"column":4},"end":{"line":14,"column":35}},"10":{"start":{"line":15,"column":4},"end":{"line":15,"column":32}},"11":{"start":{"line":16,"column":4},"end":{"line":16,"column":38}},"12":{"start":{"line":17,"column":4},"end":{"line":17,"column":30}},"13":{"start":{"line":21,"column":4},"end":{"line":46,"column":7}},"14":{"start":{"line":22,"column":6},"end":{"line":32,"column":7}},"15":{"start":{"line":24,"column":8},"end":{"line":28,"column":9}},"16":{"start":{"line":25,"column":10},"end":{"line":27,"column":13}},"17":{"start":{"line":29,"column":8},"end":{"line":31,"column":11}},"18":{"start":{"line":33,"column":6},"end":{"line":37,"column":9}},"19":{"start":{"line":39,"column":6},"end":{"line":41,"column":9}},"20":{"start":{"line":42,"column":6},"end":{"line":45,"column":9}},"21":{"start":{"line":49,"column":4},"end":{"line":76,"column":7}},"22":{"start":{"line":53,"column":6},"end":{"line":53,"column":50},"skip":true},"23":{"start":{"line":53,"column":15},"end":{"line":53,"column":50},"skip":true},"24":{"start":{"line":54,"column":6},"end":{"line":75,"column":7}},"25":{"start":{"line":55,"column":8},"end":{"line":55,"column":61}},"26":{"start":{"line":56,"column":13},"end":{"line":75,"column":7}},"27":{"start":{"line":58,"column":8},"end":{"line":58,"column":70}},"28":{"start":{"line":59,"column":8},"end":{"line":61,"column":9}},"29":{"start":{"line":60,"column":10},"end":{"line":60,"column":63}},"30":{"start":{"line":62,"column":8},"end":{"line":66,"column":11}},"31":{"start":{"line":68,"column":8},"end":{"line":70,"column":11}},"32":{"start":{"line":71,"column":8},"end":{"line":74,"column":11}},"33":{"start":{"line":79,"column":4},"end":{"line":90,"column":7}},"34":{"start":{"line":84,"column":6},"end":{"line":84,"column":41},"skip":true},"35":{"start":{"line":84,"column":15},"end":{"line":84,"column":41},"skip":true},"36":{"start":{"line":85,"column":6},"end":{"line":89,"column":7}},"37":{"start":{"line":86,"column":8},"end":{"line":86,"column":60}},"38":{"start":{"line":88,"column":8},"end":{"line":88,"column":47}},"39":{"start":{"line":93,"column":4},"end":{"line":105,"column":7}},"40":{"start":{"line":98,"column":6},"end":{"line":98,"column":41},"skip":true},"41":{"start":{"line":98,"column":15},"end":{"line":98,"column":41},"skip":true},"42":{"start":{"line":99,"column":6},"end":{"line":103,"column":7}},"43":{"start":{"line":100,"column":8},"end":{"line":102,"column":11}},"44":{"start":{"line":104,"column":6},"end":{"line":104,"column":33}},"45":{"start":{"line":108,"column":4},"end":{"line":130,"column":8}},"46":{"start":{"line":113,"column":7},"end":{"line":113,"column":42},"skip":true},"47":{"start":{"line":113,"column":16},"end":{"line":113,"column":42},"skip":true},"48":{"start":{"line":114,"column":7},"end":{"line":118,"column":8}},"49":{"start":{"line":115,"column":9},"end":{"line":117,"column":12}},"50":{"start":{"line":120,"column":7},"end":{"line":120,"column":64}},"51":{"start":{"line":120,"column":30},"end":{"line":120,"column":64}},"52":{"start":{"line":121,"column":7},"end":{"line":121,"column":64}},"53":{"start":{"line":121,"column":30},"end":{"line":121,"column":64}},"54":{"start":{"line":122,"column":7},"end":{"line":122,"column":60}},"55":{"start":{"line":122,"column":27},"end":{"line":122,"column":60}},"56":{"start":{"line":123,"column":7},"end":{"line":123,"column":57}},"57":{"start":{"line":123,"column":26},"end":{"line":123,"column":57}},"58":{"start":{"line":124,"column":7},"end":{"line":124,"column":60}},"59":{"start":{"line":124,"column":27},"end":{"line":124,"column":60}},"60":{"start":{"line":125,"column":7},"end":{"line":125,"column":57}},"61":{"start":{"line":125,"column":26},"end":{"line":125,"column":57}},"62":{"start":{"line":127,"column":7},"end":{"line":129,"column":10}},"63":{"start":{"line":128,"column":9},"end":{"line":128,"column":36}},"64":{"start":{"line":133,"column":4},"end":{"line":141,"column":7}},"65":{"start":{"line":137,"column":6},"end":{"line":137,"column":41},"skip":true},"66":{"start":{"line":137,"column":15},"end":{"line":137,"column":41},"skip":true},"67":{"start":{"line":138,"column":6},"end":{"line":140,"column":9}}},"branchMap":{"1":{"line":22,"type":"if","locations":[{"start":{"line":22,"column":6},"end":{"line":22,"column":6}},{"start":{"line":22,"column":6},"end":{"line":22,"column":6}}]},"2":{"line":24,"type":"if","locations":[{"start":{"line":24,"column":8},"end":{"line":24,"column":8}},{"start":{"line":24,"column":8},"end":{"line":24,"column":8}}]},"3":{"line":53,"type":"if","locations":[{"start":{"line":53,"column":6},"end":{"line":53,"column":6},"skip":true},{"start":{"line":53,"column":6},"end":{"line":53,"column":6},"skip":true}]},"4":{"line":54,"type":"if","locations":[{"start":{"line":54,"column":6},"end":{"line":54,"column":6}},{"start":{"line":54,"column":6},"end":{"line":54,"column":6}}]},"5":{"line":56,"type":"if","locations":[{"start":{"line":56,"column":13},"end":{"line":56,"column":13}},{"start":{"line":56,"column":13},"end":{"line":56,"column":13}}]},"6":{"line":59,"type":"if","locations":[{"start":{"line":59,"column":8},"end":{"line":59,"column":8}},{"start":{"line":59,"column":8},"end":{"line":59,"column":8}}]},"7":{"line":84,"type":"if","locations":[{"start":{"line":84,"column":6},"end":{"line":84,"column":6},"skip":true},{"start":{"line":84,"column":6},"end":{"line":84,"column":6},"skip":true}]},"8":{"line":85,"type":"if","locations":[{"start":{"line":85,"column":6},"end":{"line":85,"column":6}},{"start":{"line":85,"column":6},"end":{"line":85,"column":6}}]},"9":{"line":98,"type":"if","locations":[{"start":{"line":98,"column":6},"end":{"line":98,"column":6},"skip":true},{"start":{"line":98,"column":6},"end":{"line":98,"column":6},"skip":true}]},"10":{"line":99,"type":"if","locations":[{"start":{"line":99,"column":6},"end":{"line":99,"column":6}},{"start":{"line":99,"column":6},"end":{"line":99,"column":6}}]},"11":{"line":113,"type":"if","locations":[{"start":{"line":113,"column":7},"end":{"line":113,"column":7},"skip":true},{"start":{"line":113,"column":7},"end":{"line":113,"column":7},"skip":true}]},"12":{"line":114,"type":"if","locations":[{"start":{"line":114,"column":7},"end":{"line":114,"column":7}},{"start":{"line":114,"column":7},"end":{"line":114,"column":7}}]},"13":{"line":120,"type":"if","locations":[{"start":{"line":120,"column":7},"end":{"line":120,"column":7}},{"start":{"line":120,"column":7},"end":{"line":120,"column":7}}]},"14":{"line":121,"type":"if","locations":[{"start":{"line":121,"column":7},"end":{"line":121,"column":7}},{"start":{"line":121,"column":7},"end":{"line":121,"column":7}}]},"15":{"line":122,"type":"if","locations":[{"start":{"line":122,"column":7},"end":{"line":122,"column":7}},{"start":{"line":122,"column":7},"end":{"line":122,"column":7}}]},"16":{"line":123,"type":"if","locations":[{"start":{"line":123,"column":7},"end":{"line":123,"column":7}},{"start":{"line":123,"column":7},"end":{"line":123,"column":7}}]},"17":{"line":124,"type":"if","locations":[{"start":{"line":124,"column":7},"end":{"line":124,"column":7}},{"start":{"line":124,"column":7},"end":{"line":124,"column":7}}]},"18":{"line":125,"type":"if","locations":[{"start":{"line":125,"column":7},"end":{"line":125,"column":7}},{"start":{"line":125,"column":7},"end":{"line":125,"column":7}}]},"19":{"line":137,"type":"if","locations":[{"start":{"line":137,"column":6},"end":{"line":137,"column":6},"skip":true},{"start":{"line":137,"column":6},"end":{"line":137,"column":6},"skip":true}]}}},"/Users/Nikah/Documents/api/dms/server/routes/docRoutes.js":{"path":"/Users/Nikah/Documents/api/dms/server/routes/docRoutes.js","s":{"1":1,"2":1,"3":1,"4":1,"5":1,"6":1,"7":1},"b":{},"f":{},"fnMap":{},"statementMap":{"1":{"start":{"line":2,"column":0},"end":{"line":2,"column":43}},"2":{"start":{"line":5,"column":0},"end":{"line":5,"column":48}},"3":{"start":{"line":8,"column":0},"end":{"line":8,"column":55}},"4":{"start":{"line":10,"column":0},"end":{"line":10,"column":36}},"5":{"start":{"line":13,"column":0},"end":{"line":15,"column":20}},"6":{"start":{"line":17,"column":0},"end":{"line":20,"column":23}},"7":{"start":{"line":23,"column":0},"end":{"line":23,"column":24}}},"branchMap":{}},"/Users/Nikah/Documents/api/dms/server/controllers/docsCtrl.js":{"path":"/Users/Nikah/Documents/api/dms/server/controllers/docsCtrl.js","s":{"1":1,"2":1,"3":1,"4":1,"5":3,"6":3,"7":3,"8":3,"9":3,"10":3,"11":1,"12":1,"13":0,"14":2,"15":3,"16":3,"17":3,"18":3,"19":0,"20":3,"21":1,"22":1,"23":0,"24":1,"25":1,"26":1,"27":1,"28":0,"29":1,"30":0,"31":1,"32":1,"33":1,"34":1,"35":1,"36":1,"37":1,"38":1,"39":1,"40":0,"41":1,"42":0,"43":1,"44":1},"b":{"1":[1,2],"2":[1,0],"3":[3,1],"4":[0,3],"5":[0,1],"6":[0,1],"7":[1,1],"8":[0,1],"9":[1,0],"10":[1,0],"11":[0,1],"12":[1,1],"13":[0,1]},"f":{},"fnMap":{},"statementMap":{"1":{"start":{"line":1,"column":0},"end":{"line":1,"column":37}},"2":{"start":{"line":3,"column":0},"end":{"line":3,"column":44}},"3":{"start":{"line":4,"column":0},"end":{"line":4,"column":37}},"4":{"start":{"line":6,"column":0},"end":{"line":108,"column":2}},"5":{"start":{"line":8,"column":4},"end":{"line":8,"column":36}},"6":{"start":{"line":11,"column":4},"end":{"line":11,"column":36}},"7":{"start":{"line":12,"column":4},"end":{"line":12,"column":40}},"8":{"start":{"line":13,"column":4},"end":{"line":13,"column":39}},"9":{"start":{"line":16,"column":4},"end":{"line":32,"column":7}},"10":{"start":{"line":17,"column":6},"end":{"line":31,"column":7}},"11":{"start":{"line":18,"column":8},"end":{"line":25,"column":9}},"12":{"start":{"line":19,"column":10},"end":{"line":21,"column":13}},"13":{"start":{"line":24,"column":10},"end":{"line":24,"column":38},"skip":true},"14":{"start":{"line":27,"column":8},"end":{"line":30,"column":11}},"15":{"start":{"line":35,"column":4},"end":{"line":35,"column":32}},"16":{"start":{"line":36,"column":4},"end":{"line":36,"column":64}},"17":{"start":{"line":37,"column":4},"end":{"line":49,"column":7}},"18":{"start":{"line":45,"column":6},"end":{"line":45,"column":41},"skip":true},"19":{"start":{"line":45,"column":15},"end":{"line":45,"column":41},"skip":true},"20":{"start":{"line":46,"column":6},"end":{"line":48,"column":9}},"21":{"start":{"line":52,"column":4},"end":{"line":62,"column":7}},"22":{"start":{"line":56,"column":6},"end":{"line":61,"column":7}},"23":{"start":{"line":58,"column":8},"end":{"line":58,"column":34},"skip":true},"24":{"start":{"line":60,"column":8},"end":{"line":60,"column":39}},"25":{"start":{"line":65,"column":4},"end":{"line":86,"column":7}},"26":{"start":{"line":69,"column":6},"end":{"line":85,"column":9}},"27":{"start":{"line":70,"column":8},"end":{"line":84,"column":9}},"28":{"start":{"line":71,"column":10},"end":{"line":73,"column":13}},"29":{"start":{"line":76,"column":10},"end":{"line":76,"column":45},"skip":true},"30":{"start":{"line":76,"column":19},"end":{"line":76,"column":45},"skip":true},"31":{"start":{"line":77,"column":10},"end":{"line":77,"column":62}},"32":{"start":{"line":77,"column":30},"end":{"line":77,"column":62}},"33":{"start":{"line":78,"column":10},"end":{"line":78,"column":68}},"34":{"start":{"line":78,"column":32},"end":{"line":78,"column":68}},"35":{"start":{"line":79,"column":10},"end":{"line":83,"column":13}},"36":{"start":{"line":80,"column":12},"end":{"line":82,"column":15}},"37":{"start":{"line":89,"column":4},"end":{"line":106,"column":7}},"38":{"start":{"line":92,"column":6},"end":{"line":105,"column":9}},"39":{"start":{"line":93,"column":8},"end":{"line":104,"column":9}},"40":{"start":{"line":94,"column":10},"end":{"line":96,"column":13}},"41":{"start":{"line":99,"column":10},"end":{"line":99,"column":45},"skip":true},"42":{"start":{"line":99,"column":19},"end":{"line":99,"column":45},"skip":true},"43":{"start":{"line":100,"column":10},"end":{"line":100,"column":28}},"44":{"start":{"line":101,"column":10},"end":{"line":103,"column":13}}},"branchMap":{"1":{"line":17,"type":"if","locations":[{"start":{"line":17,"column":6},"end":{"line":17,"column":6}},{"start":{"line":17,"column":6},"end":{"line":17,"column":6}}]},"2":{"line":18,"type":"if","locations":[{"start":{"line":18,"column":8},"end":{"line":18,"column":8}},{"start":{"line":18,"column":8},"end":{"line":18,"column":8}}]},"3":{"line":42,"type":"binary-expr","locations":[{"start":{"line":42,"column":11},"end":{"line":42,"column":40}},{"start":{"line":42,"column":44},"end":{"line":42,"column":46}}]},"4":{"line":45,"type":"if","locations":[{"start":{"line":45,"column":6},"end":{"line":45,"column":6},"skip":true},{"start":{"line":45,"column":6},"end":{"line":45,"column":6},"skip":true}]},"5":{"line":56,"type":"if","locations":[{"start":{"line":56,"column":6},"end":{"line":56,"column":6}},{"start":{"line":56,"column":6},"end":{"line":56,"column":6}}]},"6":{"line":70,"type":"if","locations":[{"start":{"line":70,"column":8},"end":{"line":70,"column":8}},{"start":{"line":70,"column":8},"end":{"line":70,"column":8}}]},"7":{"line":70,"type":"binary-expr","locations":[{"start":{"line":70,"column":12},"end":{"line":70,"column":15}},{"start":{"line":70,"column":19},"end":{"line":70,"column":23}}]},"8":{"line":76,"type":"if","locations":[{"start":{"line":76,"column":10},"end":{"line":76,"column":10},"skip":true},{"start":{"line":76,"column":10},"end":{"line":76,"column":10},"skip":true}]},"9":{"line":77,"type":"if","locations":[{"start":{"line":77,"column":10},"end":{"line":77,"column":10}},{"start":{"line":77,"column":10},"end":{"line":77,"column":10}}]},"10":{"line":78,"type":"if","locations":[{"start":{"line":78,"column":10},"end":{"line":78,"column":10}},{"start":{"line":78,"column":10},"end":{"line":78,"column":10}}]},"11":{"line":93,"type":"if","locations":[{"start":{"line":93,"column":8},"end":{"line":93,"column":8}},{"start":{"line":93,"column":8},"end":{"line":93,"column":8}}]},"12":{"line":93,"type":"binary-expr","locations":[{"start":{"line":93,"column":12},"end":{"line":93,"column":15}},{"start":{"line":93,"column":19},"end":{"line":93,"column":23}}]},"13":{"line":99,"type":"if","locations":[{"start":{"line":99,"column":10},"end":{"line":99,"column":10},"skip":true},{"start":{"line":99,"column":10},"end":{"line":99,"column":10},"skip":true}]}}},"/Users/Nikah/Documents/api/dms/server/controllers/roleAccess.js":{"path":"/Users/Nikah/Documents/api/dms/server/controllers/roleAccess.js","s":{"1":1,"2":0,"3":1},"b":{},"f":{"1":0},"fnMap":{"1":{"name":"(anonymous_1)","line":6,"loc":{"start":{"line":6,"column":14},"end":{"line":6,"column":42}}}},"statementMap":{"1":{"start":{"line":1,"column":0},"end":{"line":15,"column":2}},"2":{"start":{"line":7,"column":10},"end":{"line":7,"column":69}},"3":{"start":{"line":17,"column":0},"end":{"line":17,"column":22}}},"branchMap":{}},"/Users/Nikah/Documents/api/dms/server/routes/roleRoutes.js":{"path":"/Users/Nikah/Documents/api/dms/server/routes/roleRoutes.js","s":{"1":1,"2":1,"3":1,"4":1,"5":1,"6":1,"7":1},"b":{},"f":{},"fnMap":{},"statementMap":{"1":{"start":{"line":2,"column":0},"end":{"line":2,"column":43}},"2":{"start":{"line":5,"column":0},"end":{"line":5,"column":50}},"3":{"start":{"line":8,"column":0},"end":{"line":8,"column":55}},"4":{"start":{"line":11,"column":0},"end":{"line":11,"column":36}},"5":{"start":{"line":14,"column":0},"end":{"line":16,"column":21}},"6":{"start":{"line":18,"column":0},"end":{"line":20,"column":24}},"7":{"start":{"line":23,"column":0},"end":{"line":23,"column":24}}},"branchMap":{}},"/Users/Nikah/Documents/api/dms/server/controllers/rolesCtrl.js":{"path":"/Users/Nikah/Documents/api/dms/server/controllers/rolesCtrl.js","s":{"1":1,"2":1,"3":1,"4":2,"5":2,"6":2,"7":2,"8":1,"9":1,"10":1,"11":2,"12":1,"13":1,"14":0,"15":1,"16":0,"17":1,"18":1,"19":1,"20":0,"21":1,"22":1,"23":1,"24":0,"25":1},"b":{"1":[1,1],"2":[1,0],"3":[0,1],"4":[0,1],"5":[0,1],"6":[0,1]},"f":{},"fnMap":{},"statementMap":{"1":{"start":{"line":1,"column":0},"end":{"line":1,"column":37}},"2":{"start":{"line":3,"column":0},"end":{"line":3,"column":36}},"3":{"start":{"line":5,"column":0},"end":{"line":64,"column":2}},"4":{"start":{"line":7,"column":4},"end":{"line":7,"column":28}},"5":{"start":{"line":9,"column":4},"end":{"line":9,"column":32}},"6":{"start":{"line":11,"column":4},"end":{"line":27,"column":7}},"7":{"start":{"line":12,"column":6},"end":{"line":22,"column":7}},"8":{"start":{"line":14,"column":8},"end":{"line":18,"column":9}},"9":{"start":{"line":15,"column":10},"end":{"line":17,"column":13}},"10":{"start":{"line":19,"column":8},"end":{"line":21,"column":11}},"11":{"start":{"line":23,"column":6},"end":{"line":26,"column":9}},"12":{"start":{"line":30,"column":4},"end":{"line":41,"column":7}},"13":{"start":{"line":35,"column":6},"end":{"line":35,"column":41},"skip":true},"14":{"start":{"line":35,"column":15},"end":{"line":35,"column":41},"skip":true},"15":{"start":{"line":36,"column":6},"end":{"line":40,"column":7}},"16":{"start":{"line":37,"column":8},"end":{"line":37,"column":60}},"17":{"start":{"line":39,"column":8},"end":{"line":39,"column":47}},"18":{"start":{"line":44,"column":4},"end":{"line":51,"column":7}},"19":{"start":{"line":49,"column":6},"end":{"line":49,"column":41},"skip":true},"20":{"start":{"line":49,"column":15},"end":{"line":49,"column":41},"skip":true},"21":{"start":{"line":50,"column":6},"end":{"line":50,"column":33}},"22":{"start":{"line":54,"column":4},"end":{"line":62,"column":7}},"23":{"start":{"line":58,"column":6},"end":{"line":58,"column":41},"skip":true},"24":{"start":{"line":58,"column":15},"end":{"line":58,"column":41},"skip":true},"25":{"start":{"line":59,"column":6},"end":{"line":61,"column":9}}},"branchMap":{"1":{"line":12,"type":"if","locations":[{"start":{"line":12,"column":6},"end":{"line":12,"column":6}},{"start":{"line":12,"column":6},"end":{"line":12,"column":6}}]},"2":{"line":14,"type":"if","locations":[{"start":{"line":14,"column":8},"end":{"line":14,"column":8}},{"start":{"line":14,"column":8},"end":{"line":14,"column":8}}]},"3":{"line":35,"type":"if","locations":[{"start":{"line":35,"column":6},"end":{"line":35,"column":6},"skip":true},{"start":{"line":35,"column":6},"end":{"line":35,"column":6},"skip":true}]},"4":{"line":36,"type":"if","locations":[{"start":{"line":36,"column":6},"end":{"line":36,"column":6}},{"start":{"line":36,"column":6},"end":{"line":36,"column":6}}]},"5":{"line":49,"type":"if","locations":[{"start":{"line":49,"column":6},"end":{"line":49,"column":6},"skip":true},{"start":{"line":49,"column":6},"end":{"line":49,"column":6},"skip":true}]},"6":{"line":58,"type":"if","locations":[{"start":{"line":58,"column":6},"end":{"line":58,"column":6},"skip":true},{"start":{"line":58,"column":6},"end":{"line":58,"column":6},"skip":true}]}}},"/Users/Nikah/Documents/api/dms/server/routes/search.js":{"path":"/Users/Nikah/Documents/api/dms/server/routes/search.js","s":{"1":1,"2":1,"3":1,"4":1,"5":1,"6":1},"b":{},"f":{},"fnMap":{},"statementMap":{"1":{"start":{"line":2,"column":0},"end":{"line":2,"column":43}},"2":{"start":{"line":4,"column":0},"end":{"line":4,"column":52}},"3":{"start":{"line":6,"column":0},"end":{"line":6,"column":55}},"4":{"start":{"line":9,"column":0},"end":{"line":9,"column":36}},"5":{"start":{"line":12,"column":0},"end":{"line":13,"column":25}},"6":{"start":{"line":15,"column":0},"end":{"line":15,"column":24}}},"branchMap":{}},"/Users/Nikah/Documents/api/dms/server/controllers/searchCtrl.js":{"path":"/Users/Nikah/Documents/api/dms/server/controllers/searchCtrl.js","s":{"1":1,"2":1,"3":1,"4":2,"5":2,"6":2,"7":0,"8":2,"9":1,"10":2},"b":{"1":[0,2],"2":[1,1]},"f":{},"fnMap":{},"statementMap":{"1":{"start":{"line":1,"column":0},"end":{"line":1,"column":37}},"2":{"start":{"line":3,"column":0},"end":{"line":3,"column":44}},"3":{"start":{"line":5,"column":0},"end":{"line":24,"column":2}},"4":{"start":{"line":7,"column":4},"end":{"line":7,"column":58}},"5":{"start":{"line":8,"column":4},"end":{"line":22,"column":7}},"6":{"start":{"line":13,"column":6},"end":{"line":13,"column":41},"skip":true},"7":{"start":{"line":13,"column":15},"end":{"line":13,"column":41},"skip":true},"8":{"start":{"line":14,"column":6},"end":{"line":18,"column":7}},"9":{"start":{"line":15,"column":8},"end":{"line":17,"column":11}},"10":{"start":{"line":19,"column":6},"end":{"line":21,"column":9}}},"branchMap":{"1":{"line":13,"type":"if","locations":[{"start":{"line":13,"column":6},"end":{"line":13,"column":6},"skip":true},{"start":{"line":13,"column":6},"end":{"line":13,"column":6},"skip":true}]},"2":{"line":14,"type":"if","locations":[{"start":{"line":14,"column":6},"end":{"line":14,"column":6}},{"start":{"line":14,"column":6},"end":{"line":14,"column":6}}]}}}}