TN:
SF:/Users/Nikah/Documents/api/dms/server.js
FNF:0
FNH:0
DA:2,1
DA:3,1
DA:5,1
DA:7,1
DA:9,1
DA:12,1
DA:13,1
DA:16,1
DA:19,1
DA:22,1
DA:25,1
DA:26,1
DA:29,1
LF:13
LH:13
BRF:0
BRH:0
end_of_record
TN:
SF:/Users/Nikah/Documents/api/dms/server/middleware/middleware.js
FNF:0
FNH:0
DA:1,1
DA:2,1
DA:4,1
DA:7,31
DA:8,31
DA:9,31
DA:10,36
DA:11,30
DA:12,30
DA:14,31
DA:19,23
DA:21,23
DA:23,23
DA:24,23
DA:25,0
DA:31,23
DA:32,23
DA:36,0
LF:18
LH:16
BRDA:10,1,0,6
BRDA:10,1,1,30
BRDA:21,2,0,23
BRDA:21,2,1,0
BRDA:24,3,0,0
BRDA:24,3,1,23
BRF:6
BRH:4
end_of_record
TN:
SF:/Users/Nikah/Documents/api/dms/server/config/config.js
FNF:0
FNH:0
DA:1,1
LF:1
LH:1
BRF:0
BRH:0
end_of_record
TN:
SF:/Users/Nikah/Documents/api/dms/server/config/db.js
FNF:0
FNH:0
DA:2,1
DA:3,1
DA:4,1
DA:7,1
DA:8,0
DA:9,0
DA:10,0
DA:14,1
DA:15,1
DA:18,1
DA:19,1
DA:22,1
DA:23,0
DA:26,1
DA:27,0
DA:32,1
DA:34,0
DA:35,0
DA:39,1
DA:41,0
DA:42,0
DA:47,1
DA:48,1
DA:49,1
LF:24
LH:15
BRF:0
BRH:0
end_of_record
TN:
SF:/Users/Nikah/Documents/api/dms/server/models/user.js
FN:40,(anonymous_1)
FN:56,(anonymous_2)
FNF:2
FNH:2
FNDA:4,(anonymous_1)
FNDA:2,(anonymous_2)
DA:1,1
DA:2,1
DA:4,1
DA:6,1
DA:40,1
DA:41,4
DA:44,4
DA:46,4
DA:48,4
DA:50,4
DA:51,4
DA:56,1
DA:57,2
DA:58,2
DA:61,1
LF:15
LH:15
BRDA:44,1,0,0
BRDA:44,1,1,4
BRDA:48,2,0,0
BRDA:48,2,1,4
BRF:4
BRH:4
end_of_record
TN:
SF:/Users/Nikah/Documents/api/dms/server/models/document.js
FNF:0
FNH:0
DA:1,1
DA:3,1
DA:5,1
DA:30,1
LF:4
LH:4
BRF:0
BRH:0
end_of_record
TN:
SF:/Users/Nikah/Documents/api/dms/server/models/role.js
FNF:0
FNH:0
DA:1,1
DA:3,1
DA:5,1
DA:14,1
LF:4
LH:4
BRF:0
BRH:0
end_of_record
TN:
SF:/Users/Nikah/Documents/api/dms/server/routes/routes.js
FNF:0
FNH:0
DA:2,1
DA:5,1
DA:6,1
DA:7,1
DA:8,1
DA:13,1
DA:14,1
DA:15,1
DA:16,1
DA:18,1
LF:10
LH:10
BRF:0
BRH:0
end_of_record
TN:
SF:/Users/Nikah/Documents/api/dms/server/routes/userRoutes.js
FNF:0
FNH:0
DA:2,1
DA:5,1
DA:8,1
DA:12,1
DA:15,1
DA:19,1
DA:21,1
DA:24,1
DA:29,1
LF:9
LH:9
BRF:0
BRH:0
end_of_record
TN:
SF:/Users/Nikah/Documents/api/dms/server/controllers/usersCtrl.js
FNF:0
FNH:0
DA:1,1
DA:2,1
DA:3,1
DA:5,1
DA:7,1
DA:9,4
DA:12,4
DA:13,4
DA:14,4
DA:15,4
DA:16,4
DA:17,4
DA:21,4
DA:22,4
DA:24,1
DA:25,1
DA:29,1
DA:33,4
DA:39,4
DA:42,4
DA:49,3
DA:53,3
DA:54,3
DA:55,1
DA:56,2
DA:58,2
DA:59,2
DA:60,1
DA:62,2
DA:68,2
DA:71,2
DA:79,2
DA:84,2
DA:85,2
DA:86,0
DA:88,2
DA:93,2
DA:98,2
DA:99,2
DA:100,0
DA:104,2
DA:108,2
DA:113,2
DA:114,2
DA:115,2
DA:120,2
DA:121,2
DA:122,2
DA:123,2
DA:124,2
DA:125,2
DA:127,2
DA:128,0
DA:133,1
DA:137,1
DA:138,1
LF:56
LH:53
BRDA:22,1,0,1
BRDA:22,1,1,3
BRDA:24,2,0,1
BRDA:24,2,1,0
BRDA:53,3,0,0
BRDA:53,3,1,3
BRDA:54,4,0,1
BRDA:54,4,1,2
BRDA:56,5,0,2
BRDA:56,5,1,0
BRDA:59,6,0,1
BRDA:59,6,1,1
BRDA:84,7,0,0
BRDA:84,7,1,2
BRDA:85,8,0,0
BRDA:85,8,1,2
BRDA:98,9,0,0
BRDA:98,9,1,2
BRDA:99,10,0,0
BRDA:99,10,1,2
BRDA:113,11,0,0
BRDA:113,11,1,2
BRDA:114,12,0,2
BRDA:114,12,1,0
BRDA:120,13,0,0
BRDA:120,13,1,2
BRDA:121,14,0,0
BRDA:121,14,1,2
BRDA:122,15,0,0
BRDA:122,15,1,2
BRDA:123,16,0,0
BRDA:123,16,1,2
BRDA:124,17,0,0
BRDA:124,17,1,2
BRDA:125,18,0,0
BRDA:125,18,1,2
BRDA:137,19,0,0
BRDA:137,19,1,1
BRF:38
BRH:27
end_of_record
TN:
SF:/Users/Nikah/Documents/api/dms/server/routes/docRoutes.js
FNF:0
FNH:0
DA:2,1
DA:5,1
DA:8,1
DA:10,1
DA:13,1
DA:17,1
DA:23,1
LF:7
LH:7
BRF:0
BRH:0
end_of_record
TN:
SF:/Users/Nikah/Documents/api/dms/server/controllers/docsCtrl.js
FNF:0
FNH:0
DA:1,1
DA:3,1
DA:4,1
DA:6,1
DA:8,3
DA:11,3
DA:12,3
DA:13,3
DA:16,3
DA:17,3
DA:18,1
DA:19,1
DA:24,1
DA:27,2
DA:35,3
DA:36,3
DA:37,3
DA:45,3
DA:46,3
DA:52,1
DA:56,1
DA:58,1
DA:60,1
DA:65,1
DA:69,1
DA:70,1
DA:71,0
DA:76,1
DA:77,1
DA:78,1
DA:79,1
DA:80,1
DA:89,1
DA:92,1
DA:93,1
DA:94,0
DA:99,1
DA:100,1
DA:101,1
LF:39
LH:37
BRDA:17,1,0,1
BRDA:17,1,1,2
BRDA:18,2,0,1
BRDA:18,2,1,0
BRDA:42,3,0,3
BRDA:42,3,1,1
BRDA:45,4,0,0
BRDA:45,4,1,3
BRDA:56,5,0,0
BRDA:56,5,1,1
BRDA:70,6,0,0
BRDA:70,6,1,1
BRDA:70,7,0,1
BRDA:70,7,1,1
BRDA:76,8,0,0
BRDA:76,8,1,1
BRDA:77,9,0,1
BRDA:77,9,1,0
BRDA:78,10,0,1
BRDA:78,10,1,0
BRDA:93,11,0,0
BRDA:93,11,1,1
BRDA:93,12,0,1
BRDA:93,12,1,1
BRDA:99,13,0,0
BRDA:99,13,1,1
BRF:26
BRH:20
end_of_record
TN:
SF:/Users/Nikah/Documents/api/dms/server/controllers/roleAccess.js
FN:6,(anonymous_1)
FNF:1
FNH:0
FNDA:0,(anonymous_1)
DA:1,1
DA:7,0
DA:17,1
LF:3
LH:2
BRF:0
BRH:0
end_of_record
TN:
SF:/Users/Nikah/Documents/api/dms/server/routes/roleRoutes.js
FNF:0
FNH:0
DA:2,1
DA:5,1
DA:8,1
DA:11,1
DA:14,1
DA:18,1
DA:23,1
LF:7
LH:7
BRF:0
BRH:0
end_of_record
TN:
SF:/Users/Nikah/Documents/api/dms/server/controllers/rolesCtrl.js
FNF:0
FNH:0
DA:1,1
DA:3,1
DA:5,1
DA:7,2
DA:9,2
DA:11,2
DA:12,2
DA:14,1
DA:15,1
DA:19,1
DA:23,2
DA:30,1
DA:35,1
DA:36,1
DA:37,0
DA:39,1
DA:44,1
DA:49,1
DA:50,1
DA:54,1
DA:58,1
DA:59,1
LF:22
LH:21
BRDA:12,1,0,1
BRDA:12,1,1,1
BRDA:14,2,0,1
BRDA:14,2,1,0
BRDA:35,3,0,0
BRDA:35,3,1,1
BRDA:36,4,0,0
BRDA:36,4,1,1
BRDA:49,5,0,0
BRDA:49,5,1,1
BRDA:58,6,0,0
BRDA:58,6,1,1
BRF:12
BRH:10
end_of_record
TN:
SF:/Users/Nikah/Documents/api/dms/server/routes/search.js
FNF:0
FNH:0
DA:2,1
DA:4,1
DA:6,1
DA:9,1
DA:12,1
DA:15,1
LF:6
LH:6
BRF:0
BRH:0
end_of_record
TN:
SF:/Users/Nikah/Documents/api/dms/server/controllers/searchCtrl.js
FNF:0
FNH:0
DA:1,1
DA:3,1
DA:5,1
DA:7,2
DA:8,2
DA:13,2
DA:14,2
DA:15,1
DA:19,2
LF:9
LH:9
BRDA:13,1,0,0
BRDA:13,1,1,2
BRDA:14,2,0,1
BRDA:14,2,1,1
BRF:4
BRH:4
end_of_record
